Starting:
    ---+-----+-----+---
    0  |  0  |  0  |  0
    ---+-----+-----+---
    0  |  0  |  0  |  0
    ---+-----+-----+---
    0  |  0  |  0  |  0
    ---+-----+-----+---
    0  |  0  |  0  |  0
    ---+-----+-----+---
INIT:
    ---+-----+-----+---
    0  |  0  |  0  |  0
    ---+-----+-----+---
    0  |  0  |  0  |  0
    ---+-----+-----+---
    0  |  0  |  0  |  4
    ---+-----+-----+---
    0  |  0  |  0  |  0
    ---+-----+-----+---
New tile created:
    ---+-------+-----+---
    0  |  (2)  |  0  |  0
    ---+-------+-----+---
    0  |    0  |  0  |  0
    ---+-------+-----+---
    0  |    0  |  0  |  4
    ---+-------+-----+---
    0  |    0  |  0  |  0
    ---+-------+-----+---
User move: LEFT:
    ---+-----+-----+---
    2  |  0  |  0  |  0
    ---+-----+-----+---
    0  |  0  |  0  |  0
    ---+-----+-----+---
    4  |  0  |  0  |  0
    ---+-----+-----+---
    0  |  0  |  0  |  0
    ---+-----+-----+---
New tile created:
    ---+-----+-------+---
    2  |  0  |    0  |  0
    ---+-----+-------+---
    0  |  0  |  (4)  |  0
    ---+-----+-------+---
    4  |  0  |    0  |  0
    ---+-----+-------+---
    0  |  0  |    0  |  0
    ---+-----+-------+---
User move: LEFT:
    ---+-----+-----+---
    2  |  0  |  0  |  0
    ---+-----+-----+---
    4  |  0  |  0  |  0
    ---+-----+-----+---
    4  |  0  |  0  |  0
    ---+-----+-----+---
    0  |  0  |  0  |  0
    ---+-----+-----+---
New tile created:
    ---+-------+-----+---
    2  |    0  |  0  |  0
    ---+-------+-----+---
    4  |    0  |  0  |  0
    ---+-------+-----+---
    4  |    0  |  0  |  0
    ---+-------+-----+---
    0  |  (4)  |  0  |  0
    ---+-------+-----+---
User move: LEFT:
    ---+-----+-----+---
    2  |  0  |  0  |  0
    ---+-----+-----+---
    4  |  0  |  0  |  0
    ---+-----+-----+---
    4  |  0  |  0  |  0
    ---+-----+-----+---
    4  |  0  |  0  |  0
    ---+-----+-----+---
New tile created:
    ---+-----+-----+-----
    2  |  0  |  0  |    0
    ---+-----+-----+-----
    4  |  0  |  0  |  (2)
    ---+-----+-----+-----
    4  |  0  |  0  |    0
    ---+-----+-----+-----
    4  |  0  |  0  |    0
    ---+-----+-----+-----
User move: LEFT:
    ---+-----+-----+---
    2  |  0  |  0  |  0
    ---+-----+-----+---
    4  |  2  |  0  |  0
    ---+-----+-----+---
    4  |  0  |  0  |  0
    ---+-----+-----+---
    4  |  0  |  0  |  0
    ---+-----+-----+---
New tile created:
    ---+-----+-----+-----
    2  |  0  |  0  |    0
    ---+-----+-----+-----
    4  |  2  |  0  |    0
    ---+-----+-----+-----
    4  |  0  |  0  |    0
    ---+-----+-----+-----
    4  |  0  |  0  |  (4)
    ---+-----+-----+-----
User move: LEFT:
    ---+-----+-----+---
    2  |  0  |  0  |  0
    ---+-----+-----+---
    4  |  2  |  0  |  0
    ---+-----+-----+---
    4  |  0  |  0  |  0
    ---+-----+-----+---
    8  |  0  |  0  |  0
    ---+-----+-----+---
New tile created:
    ---+-------+-----+---
    2  |  (4)  |  0  |  0
    ---+-------+-----+---
    4  |    2  |  0  |  0
    ---+-------+-----+---
    4  |    0  |  0  |  0
    ---+-------+-----+---
    8  |    0  |  0  |  0
    ---+-------+-----+---
No change move: LEFT
No change move: LEFT
No change move: LEFT
No change move: LEFT
No change move: LEFT
No change move: LEFT
No change move: LEFT
No change move: LEFT
No change move: LEFT
No change move: LEFT
Quit
Last grid (otherwise skipped since 40th round):
    ---+-----+-----+---
    2  |  4  |  0  |  0
    ---+-----+-----+---
    4  |  2  |  0  |  0
    ---+-----+-----+---
    4  |  0  |  0  |  0
    ---+-----+-----+---
    8  |  0  |  0  |  0
    ---+-----+-----+---
Round played: 6
TileSum: 20
MaxTile: 8

