m (after rand_fill):
    ---+-----+-----+---
    2  |  3  |  3  |  3
    ---+-----+-----+---
    3  |  0  |  2  |  1
    ---+-----+-----+---
    0  |  1  |  0  |  3
    ---+-----+-----+---
    2  |  3  |  3  |  1
    ---+-----+-----+---
Transpose:
    ---+-----+-----+---
    2  |  3  |  0  |  2
    ---+-----+-----+---
    3  |  0  |  1  |  3
    ---+-----+-----+---
    3  |  2  |  0  |  3
    ---+-----+-----+---
    3  |  1  |  3  |  1
    ---+-----+-----+---
mirror2D_LR:
    ---+-----+-----+---
    2  |  0  |  3  |  2
    ---+-----+-----+---
    3  |  1  |  0  |  3
    ---+-----+-----+---
    3  |  0  |  2  |  3
    ---+-----+-----+---
    1  |  3  |  1  |  3
    ---+-----+-----+---
collapse:
    ---+-----+-----+---
    2  |  3  |  2  |  0
    ---+-----+-----+---
    3  |  1  |  3  |  0
    ---+-----+-----+---
    3  |  2  |  3  |  0
    ---+-----+-----+---
    1  |  3  |  1  |  3
    ---+-----+-----+---
max: 3
sum: 30
same: true
same2: false

