69.75
80.5
74.0
90.75
77.25
81.5
76.75
84.0
73.75
69.75
76.75
68.5
85.0
76.5
84.5
78.5
76.5
78.25
86.75
80.75
77.75
89.5
69.0
77.25
87.0
78.75
79.75
71.0
90.5
86.75
76.5
80.5
83.75
79.25
83.5
78.5
67.0
80.0
72.0
76.25
82.25
78.5
71.0
64.5
83.5
81.25
90.25
73.0
88.0
81.5
88.75
82.0
73.0
85.0
86.0
79.25
64.5
76.25
70.25
70.0
79.0
86.25
82.25
79.25
79.75
79.0
83.0
86.5
84.5
75.0
81.0
71.0
72.25
83.75
78.0
81.5
92.75
87.25
76.5
85.75
74.5
78.25
90.75
87.25
81.0
72.0
81.25
78.75
71.25
87.75
84.25
92.0
76.0
88.0
93.0
87.75
80.5
85.25
77.0
86.75

