rand_fill raw:
    ---+-----+-----+---
    0  |  3  |  4  |  2
    ---+-----+-----+---
    0  |  3  |  1  |  1
    ---+-----+-----+---
    4  |  4  |  2  |  2
    ---+-----+-----+---
    3  |  2  |  0  |  4
    ---+-----+-----+---
grid:
    ----+------+------+----
     0  |   8  |  16  |   4
    ----+------+------+----
     0  |   8  |   2  |   2
    ----+------+------+----
    16  |  16  |   4  |   4
    ----+------+------+----
     8  |   4  |   0  |  16
    ----+------+------+----
move LEFT:
    ----+------+------+---
     8  |  16  |   4  |  0
    ----+------+------+---
     8  |   4  |   0  |  0
    ----+------+------+---
    32  |   8  |   0  |  0
    ----+------+------+---
     8  |   4  |  16  |  0
    ----+------+------+---
move LEFT:
    ----+------+------+---
     8  |  16  |   4  |  0
    ----+------+------+---
     8  |   4  |   0  |  0
    ----+------+------+---
    32  |   8  |   0  |  0
    ----+------+------+---
     8  |   4  |  16  |  0
    ----+------+------+---
move RIGHT:
    ---+-----+------+----
    0  |  8  |  16  |   4
    ---+-----+------+----
    0  |  0  |   8  |   4
    ---+-----+------+----
    0  |  0  |  32  |   8
    ---+-----+------+----
    0  |  8  |   4  |  16
    ---+-----+------+----
move RIGHT:
    ---+-----+------+----
    0  |  8  |  16  |   4
    ---+-----+------+----
    0  |  0  |   8  |   4
    ---+-----+------+----
    0  |  0  |  32  |   8
    ---+-----+------+----
    0  |  8  |   4  |  16
    ---+-----+------+----
move UP:
    ---+------+------+----
    0  |  16  |  16  |   8
    ---+------+------+----
    0  |   0  |   8  |   8
    ---+------+------+----
    0  |   0  |  32  |  16
    ---+------+------+----
    0  |   0  |   4  |   0
    ---+------+------+----
move UP:
    ---+------+------+----
    0  |  16  |  16  |  16
    ---+------+------+----
    0  |   0  |   8  |  16
    ---+------+------+----
    0  |   0  |  32  |   0
    ---+------+------+----
    0  |   0  |   4  |   0
    ---+------+------+----
move DOWN:
    ---+------+------+----
    0  |   0  |  16  |   0
    ---+------+------+----
    0  |   0  |   8  |   0
    ---+------+------+----
    0  |   0  |  32  |   0
    ---+------+------+----
    0  |  16  |   4  |  32
    ---+------+------+----
move DOWN:
    ---+------+------+----
    0  |   0  |  16  |   0
    ---+------+------+----
    0  |   0  |   8  |   0
    ---+------+------+----
    0  |   0  |  32  |   0
    ---+------+------+----
    0  |  16  |   4  |  32
    ---+------+------+----

