rand_fill raw:
    ---+-----+-----+---
    0  |  3  |  4  |  2
    ---+-----+-----+---
    0  |  3  |  1  |  1
    ---+-----+-----+---
    4  |  4  |  2  |  2
    ---+-----+-----+---
    3  |  2  |  0  |  4
    ---+-----+-----+---
grid:
    ----+------+------+----
     0  |   8  |  16  |   4
    ----+------+------+----
     0  |   8  |   2  |   2
    ----+------+------+----
    16  |  16  |   4  |   4
    ----+------+------+----
     8  |   4  |   0  |  16
    ----+------+------+----
marked_grid:
    ----+------+-------+----
     0  |   8  |   16  |   4
    ----+------+-------+----
     0  |   8  |  (2)  |   2
    ----+------+-------+----
    16  |  16  |    4  |   4
    ----+------+-------+----
     8  |   4  |    0  |  16
    ----+------+-------+----
unmarked_grid:
    ----+------+------+----
     0  |   8  |  16  |   4
    ----+------+------+----
     0  |   8  |   2  |   2
    ----+------+------+----
    16  |  16  |   4  |   4
    ----+------+------+----
     8  |   4  |   0  |  16
    ----+------+------+----
fill_count: 13
max_label: 16
win: false
game_over: false
full: false
empty_count: 3
game_over: false
RIGHT move:
    ---+-----+------+----
    0  |  8  |  16  |   4
    ---+-----+------+----
    0  |  0  |   8  |   4
    ---+-----+------+----
    0  |  0  |  32  |   8
    ---+-----+------+----
    0  |  8  |   4  |  16
    ---+-----+------+----
LEFT move:
    ----+------+------+---
     8  |  16  |   4  |  0
    ----+------+------+---
     8  |   4  |   0  |  0
    ----+------+------+---
    32  |   8  |   0  |  0
    ----+------+------+---
     8  |   4  |  16  |  0
    ----+------+------+---
UP move:
    ----+------+------+---
    16  |  16  |   4  |  0
    ----+------+------+---
    32  |   4  |  16  |  0
    ----+------+------+---
     8  |   8  |   0  |  0
    ----+------+------+---
     0  |   4  |   0  |  0
    ----+------+------+---
DOWN move:
    ----+------+------+---
     0  |  16  |   0  |  0
    ----+------+------+---
    16  |   4  |   0  |  0
    ----+------+------+---
    32  |   8  |   4  |  0
    ----+------+------+---
     8  |   4  |  16  |  0
    ----+------+------+---

