kuknesyixmausrgxszlwewtw
upzhpvh
bsqrjolsxgphyhdhvegpq
alsrxlvnxwyp
jlzobiypelfmxkqnoxwlsunguz
hpolurjzeoz
kgv
hhqvgkjbtsyxk
bmlzoedic
jffpzaapdnyfeyc
urcuahuruqktvqzzzecrkzzl
dtsyiifaurfyvgqxqxbxqhsrh
bahx
ytvefmxbmhv
rznrmbhkfkocnstjtqgyjekcjwzz
tuhgthpeovtviatsjeqcukg
srqexabspmatnzqoczbgrobiwfojzr
kgwlntvkemsy
ovuhuqirwelvlcgrkcb
dxramuphhsozdayhovsqvm
bmgcjeueidlzstdvnpgwntjfuksfy
wkftvksvvvlrfnwazseyokmldtg
txeoufolxvwa
xbxfosohhdh
tsxiaqkmzwhonecxpthridcssagt
qdib
i
xjfqgmhtrwllonsxq
bwwupdtogebvlysaudxywesj
bdstnibiujbnhcfkaoiqxynssvn
usyz
ftqpirlpbcspqvmfbtvctzfs
cihfghaqdjxsjsk
qt
mzfbofc
rzujwpvuiyjdqqujel
hrfwcqlhotxumfq
gfkmuowwgsrmbcftsgytbrn
mdqmmbkyosgu
mihlnrmcv
ejpmukffwhmsgbnywn
yikigongmaoppkkjecumq
jhnqubnnqjqugjfyfxj
smtxyovxvaablyqbgsn
mjtb
iyqtoscgxdbdconkprgbbiqe
jnhvslkwfoekvjkzl
gpflqmeorwpdoyydocwgbm
qcuesepkbjrwzght
zuyukpebqizzyglctgysmwbslf
uybsccraypvg
zshjfnawtorvipkpvxeerulro
fmi
poqbblcubhbvz
oxios
r
aaktofpzbedvitdslasnblch
dwtpuysoytgtbwhs
xfwjscoobisvztimwclsjrplvt
gzhogkqxoadajzggeotksovjjmvhkn
thxsmrzdoicjjr
qvqkjmpetcjnehdypvyq
wlhrvhhghhd
yxwvezkiobmwjmtqoehrnddnltnv
rnyzdnzpfrjdofivuitplcmt
babbljveseraytnagh
llygjbjgrlpkjorfidrtpgjz
xe
wcqunoaoiulvlrxrjp
tpkxvafizcroaucmgtjfdiaz
smgbnth
pxhvhsjqtrbhrlxl
hzzyhhyfrwsfcq
bfophvszndxo
gxwjvezkhthmwtiiymsurcxp
qwxbzgqf
endnrlwbhderlgagjkbquiehciies
vngmhmewiwbzrzngehjlti
ivizypiatggevhhkxkfctoaqoh
dfxgxsoqgxycolb
gwsou
dmpwbcjmtqdundjsrciupqhthfbbq
ldygu
ckfkysxntt
uxykqna
mxobpxqibhspdqlaxhpluurxpvq
z
omsknvcezgbyymbdfecuol
obldhznuhipxlqbrgyrkg
ziiixshgkeneynbvgqcwteiimjguvf
ubnvdtinm
niwknfopcevmmyqhcbieljpqaym

