R      <1>1 1 + 0 0 1 #    0 -> 0 scanning for  #
R       1<1>1 + 0 0 1 #    0 -> 0 scanning for  #
R       1 1<1>+ 0 0 1 #    0 -> 0 scanning for  #
R       1 1 1<+>0 0 1 #    0 -> 0 scanning for  #
R       1 1 1 +<0>0 1 #    0 -> 0 scanning for  #
R       1 1 1 + 0<0>1 #    0 -> 0 scanning for  #
R       1 1 1 + 0 0<1>#    0 -> 1 scanning for  +01
L       1 1 1 + 0 0 1<#>   1 -> 2 scanning for  +
L       1 1 1 + 0 0<0>#    2 -> 2 scanning for  +
L       1 1 1 + 0<0>0 #    2 -> 2 scanning for  +
L       1 1 1 +<0>0 0 #    2 -> 3 scanning for  #01
L       1 1 1<+>0 0 0 #    3 -> 3 scanning for  #01
L       1 1<0>+ 0 0 0 #    3 -> 3 scanning for  #01
L       1<0>0 + 0 0 0 #    3 -> 3 scanning for  #01
L      <0>0 0 + 0 0 0 #    3 -> 0 scanning for  #
R    <1>0 0 0 + 0 0 0 #    0 -> 0 scanning for  #
R     1<0>0 0 + 0 0 0 #    0 -> 0 scanning for  #
R     1 0<0>0 + 0 0 0 #    0 -> 0 scanning for  #
R     1 0 0<0>+ 0 0 0 #    0 -> 0 scanning for  #
R     1 0 0 0<+>0 0 0 #    0 -> 0 scanning for  #
R     1 0 0 0 +<0>0 0 #    0 -> 0 scanning for  #
R     1 0 0 0 + 0<0>0 #    0 -> 0 scanning for  #
R     1 0 0 0 + 0 0<0>#    0 -> 1 scanning for  +01
L     1 0 0 0 + 0 0 0<#>   1 -> 1 scanning for  +01
L     1 0 0 0 + 0 0<1>#    1 -> 1 scanning for  +01
L     1 0 0 0 + 0<1>1 #    1 -> 1 scanning for  +01
L     1 0 0 0 +<1>1 1 #    1 -> 4 scanning for  #+01
R     1 0 0 0<#>1 1 1 #    4 -> 4 scanning for  #+01
R     1 0 0 0 #<#>1 1 #    4 -> 4 scanning for  #+01
R     1 0 0 0 # #<#>1 #    4 -> 4 scanning for  #+01
R     1 0 0 0 # # #<#>#    4 -> 5 Halt
Halt  1 0 0 0 # # # #<#>

